======================================================================
全市场弱转强扫描
时间: 2026-04-21 08:55:06
======================================================================

全市场 4593 只A股，开始逐一扫描...
预计耗时: 25-35 分钟
  [500/4593] 499% | 候选  3只 | 已用 11.0分 | 剩余 ~90分 | 速度 0.8只/秒
  [1000/4593] 999% | 候选  5只 | 已用 21.7分 | 剩余 ~78分 | 速度 0.8只/秒
  [1500/4593] 1499% | 候选 14只 | 已用 31.8分 | 剩余 ~66分 | 速度 0.8只/秒
  [2000/4593] 1999% | 候选 18只 | 已用 43.3分 | 剩余 ~56分 | 速度 0.8只/秒
  [2500/4593] 2499% | 候选 22只 | 已用 54.6分 | 剩余 ~46分 | 速度 0.8只/秒
  [3000/4593] 2999% | 候选 27只 | 已用 65.7分 | 剩余 ~35分 | 速度 0.8只/秒
  [3500/4593] 3499% | 候选 37只 | 已用 76.0分 | 剩余 ~24分 | 速度 0.8只/秒
  [4000/4593] 3999% | 候选 45只 | 已用 86.2分 | 剩余 ~13分 | 速度 0.8只/秒
  [4500/4593] 4499% | 候选 52只 | 已用 95.5分 | 剩余 ~2分 | 速度 0.8只/秒
  [4593/4593] 4592% | 候选 53只 | 已用 97.1分 | 剩余 ~0分 | 速度 0.8只/秒

======================================================================
扫描完成! 总耗时 97.1 分钟, 发现 53 只候选
======================================================================

#   代码              收盘     涨幅 信号             分     调
----------------------------------------------------
1   002384      169.40   7.9% 异动不跌          75    2%
2   603115       48.69  10.0% 异动不跌          70   10%
3   300489       80.26   5.6% 异动不跌          70    6%
4   002273       32.39   3.9% 异动不跌          65    6%
5   002620        9.82   5.0% 异动不跌          60    6%
6   300686       19.05   7.0% 阳包阴           60   11%
7   301070       99.83   7.2% 异动不跌          60   10%
8   002957       50.05   4.4% 阳包阴           55    5%
9   002975       98.83   3.9% 异动不跌          55    3%
10  300632       17.52   6.1% 异动不跌          55   10%
11  300819       53.76   3.1% 异动不跌          55    4%
12  600259      104.86   1.1% 异动不跌          50    7%
13  002436       28.21   6.3% 阳包阴           50    3%
14  002938       69.25   5.1% 异动不跌          50    2%
15  300620      256.82   2.4% 异动不跌          50    4%
16  301183      205.90   6.6% 阳包阴           50    7%
17  301285      105.60   2.1% 异动不跌          50    4%
18  600173        7.76   1.0% 异动不跌          45   10%
19  603067       37.30   5.1% 异动不跌          45   12%
20  603687       19.55   2.4% 异动不跌          45   14%

──────────────────────────────────────────────────────────────────────
TOP 10 详细分析
──────────────────────────────────────────────────────────────────────

  ★ 002384
    收盘 169.40 | 涨幅 +7.9%
    信号 异动不跌 | 评分 75
    一波涨幅 31% | 回调 2% | 量比 1.0x
    建议止损 140.64
    依据: 一波31% | 浅调2% | 多头

  ★ 603115
    收盘 48.69 | 涨幅 +10.0%
    信号 异动不跌 | 评分 70
    一波涨幅 36% | 回调 10% | 量比 0.9x
    建议止损 39.69
    依据: 一波36% | 调10% | 多头

  ★ 300489
    收盘 80.26 | 涨幅 +5.6%
    信号 异动不跌 | 评分 70
    一波涨幅 38% | 回调 6% | 量比 1.1x
    建议止损 62.96
    依据: 一波38% | 浅调6% | 多头

  ★ 002273
    收盘 32.39 | 涨幅 +3.9%
    信号 异动不跌 | 评分 65
    一波涨幅 32% | 回调 6% | 量比 1.3x
    建议止损 27.69
    依据: 一波32% | 浅调6% | 多头

  ★ 002620
    收盘 9.82 | 涨幅 +5.0%
    信号 异动不跌 | 评分 60
    一波涨幅 32% | 回调 6% | 量比 1.1x
    建议止损 8.55
    依据: 一波32% | 浅调6%

  ★ 300686
    收盘 19.05 | 涨幅 +7.0%
    信号 阳包阴 | 评分 60
    一波涨幅 38% | 回调 11% | 量比 1.0x
    建议止损 17.07
    依据: 一波38% | 调11% | 多头

  ★ 301070
    收盘 99.83 | 涨幅 +7.2%
    信号 异动不跌 | 评分 60
    一波涨幅 44% | 回调 10% | 量比 1.1x
    建议止损 87.22
    依据: 一波44% | 调10%

  ★ 002957
    收盘 50.05 | 涨幅 +4.4%
    信号 阳包阴 | 评分 55
    一波涨幅 46% | 回调 5% | 量比 1.0x
    建议止损 38.42
    依据: 一波46% | 浅调5% | 多头

  ★ 002975
    收盘 98.83 | 涨幅 +3.9%
    信号 异动不跌 | 评分 55
    一波涨幅 26% | 回调 3% | 量比 1.2x
    建议止损 84.44
    依据: 一波26% | 浅调3% | 多头

  ★ 300632
    收盘 17.52 | 涨幅 +6.1%
    信号 异动不跌 | 评分 55
    一波涨幅 24% | 回调 10% | 量比 1.2x
    建议止损 14.66
    依据: 一波24% | 调10% | 多头

✅ 全部结果保存至 today_signals_full.csv
